<?xml version="1.0" encoding="UTF-8"?>
<!-- Generated by org.testng.reporters.JUnitReportReporter -->
<testsuite hostname="DESKTOP-AUJ1D2Q" failures="0" tests="3" name="com.timetracking.actitime.module1.ToVerifyHomePageTest" time="0.020" errors="0" timestamp="2023-03-17T10:31:01 IST" skipped="0">
  <testcase classname="com.timetracking.actitime.module1.ToVerifyHomePageTest" name="toVerifyHomePageTest" time="0.016"/>
  <system-out/>
  <testcase classname="com.timetracking.actitime.module1.ToVerifyHomePageTest" name="toVerifyUserPageTest" time="0.001"/>
  <system-out/>
  <testcase classname="com.timetracking.actitime.module1.ToVerifyHomePageTest" name="toVerifyTaskPageTest" time="0.003"/>
  <system-out/>
</testsuite> <!-- com.timetracking.actitime.module1.ToVerifyHomePageTest -->
